2018-12-02T11:07:43+00:00 CRITICAL Maximum execution time of 30 seconds exceeded w E:\xampp\htdocs\wordpress\wp-content\plugins\ocean-extra\includes\widgets\twitter.php w linii 9

2018-12-02T11:12:51+00:00 CRITICAL Maximum execution time of 30 seconds exceeded w E:\xampp\htdocs\wordpress\wp-content\plugins\ocean-extra\includes\widgets\contact-info.php w linii 9

2018-12-02T11:37:06+00:00 CRITICAL Maximum execution time of 30 seconds exceeded w E:\xampp\htdocs\wordpress\wp-includes\Requests\Transport\cURL.php w linii 163

2018-12-02T11:38:55+00:00 CRITICAL Maximum execution time of 30 seconds exceeded w E:\xampp\htdocs\wordpress\wp-content\plugins\ocean-extra\includes\metabox\butterbean\inc\class-manager.php w linii 20

2018-12-02T11:54:07+00:00 CRITICAL Maximum execution time of 30 seconds exceeded w E:\xampp\htdocs\wordpress\wp-includes\functions.php w linii 4848

2018-12-02T12:12:32+00:00 CRITICAL Maximum execution time of 30 seconds exceeded w E:\xampp\htdocs\wordpress\wp-includes\Requests\Transport\cURL.php w linii 463

2018-12-02T13:47:45+00:00 CRITICAL Maximum execution time of 30 seconds exceeded w E:\xampp\htdocs\wordpress\wp-content\plugins\mailchimp-for-woocommerce\includes\vendor\queue\classes\wp-queue.php w linii 3

2018-12-02T13:47:58+00:00 CRITICAL Maximum execution time of 30 seconds exceeded w E:\xampp\htdocs\wordpress\wp-content\plugins\wpforms-lite\includes\fields\class-name.php w linii 11

2018-12-02T13:48:36+00:00 CRITICAL Maximum execution time of 30 seconds exceeded w E:\xampp\htdocs\wordpress\wp-admin\custom-header.php w linii 14

2018-12-02T14:56:51+00:00 CRITICAL Maximum execution time of 30 seconds exceeded w E:\xampp\htdocs\wordpress\wp-includes\wp-db.php w linii 1924

2018-12-02T15:06:56+00:00 CRITICAL Maximum execution time of 30 seconds exceeded w E:\xampp\htdocs\wordpress\wp-content\plugins\contact-form-7\modules\checkbox.php w linii 8

2018-12-02T15:45:33+00:00 CRITICAL Maximum execution time of 30 seconds exceeded w E:\xampp\htdocs\wordpress\wp-content\plugins\jetpack\modules\custom-post-types\testimonial.php w linii 3

2018-12-02T15:45:39+00:00 CRITICAL Maximum execution time of 30 seconds exceeded w E:\xampp\htdocs\wordpress\wp-content\plugins\woocommerce\includes\admin\class-wc-admin-menus.php w linii 11

2018-12-02T15:55:34+00:00 CRITICAL Maximum execution time of 30 seconds exceeded w E:\xampp\htdocs\wordpress\wp-content\plugins\woocommerce\includes\libraries\geolite2\Reader.php w linii 245

2018-12-02T15:55:34+00:00 CRITICAL Maximum execution time of 30 seconds exceeded w E:\xampp\htdocs\wordpress\wp-content\plugins\elementor\includes\api.php w linii 4

2018-12-02T16:35:32+00:00 CRITICAL Maximum execution time of 30 seconds exceeded w E:\xampp\htdocs\wordpress\wp-includes\functions.php w linii 4848

2018-12-02T16:35:42+00:00 CRITICAL Maximum execution time of 30 seconds exceeded w E:\xampp\htdocs\wordpress\wp-admin\includes\media.php w linii 16

2018-12-02T20:29:42+00:00 CRITICAL Maximum execution time of 30 seconds exceeded w E:\xampp\htdocs\wordpress\wp-includes\widgets\class-wp-widget-archives.php w linii 17

2018-12-02T20:39:02+00:00 CRITICAL Maximum execution time of 30 seconds exceeded w E:\xampp\htdocs\wordpress\wp-includes\Requests\Transport\cURL.php w linii 163

2018-12-02T21:07:12+00:00 CRITICAL Maximum execution time of 30 seconds exceeded w E:\xampp\htdocs\wordpress\wp-content\plugins\jetpack\modules\module-extras.php w linii 58

2018-12-02T21:07:48+00:00 CRITICAL Maximum execution time of 30 seconds exceeded w E:\xampp\htdocs\wordpress\wp-includes\template.php w linii 640

2018-12-02T21:07:53+00:00 CRITICAL Maximum execution time of 30 seconds exceeded w E:\xampp\htdocs\wordpress\wp-includes\post.php w linii 1352

